<?xml version="1.0" encoding="UTF-8"?>
<!-- Generated by org.testng.reporters.JUnitReportReporter -->
<testsuite skipped="0" hostname="DEL1-LHP-N72534" name="testCases.uiAuotmatorTest" tests="1" failures="0" timestamp="02 Nov 2021 05:17:32 GMT" time="26.013" errors="0">
  <testcase name="uiAutomatorSwipeTest" time="26.013" classname="testCases.uiAuotmatorTest"/>
</testsuite> <!-- testCases.uiAuotmatorTest -->
