<?xml version="1.0" encoding="UTF-8"?>
<!-- Generated by org.testng.reporters.JUnitReportReporter -->
<testsuite skipped="0" hostname="DEL1-LHP-N72534" name="testCases.chromeBrowserTest" tests="1" failures="0" timestamp="02 Nov 2021 05:17:32 GMT" time="38.270" errors="0">
  <testcase name="chromeBrowsertest" time="38.270" classname="testCases.chromeBrowserTest"/>
</testsuite> <!-- testCases.chromeBrowserTest -->
