<?xml version="1.0" encoding="UTF-8"?>
<!-- Generated by org.testng.reporters.JUnitReportReporter -->
<testsuite skipped="0" hostname="DEL1-LHP-N72534" name="testCases.EcommerceTestCases" tests="1" failures="0" timestamp="27 Oct 2021 06:19:53 GMT" time="52.369" errors="0">
  <testcase name="PageObjecttestCase" time="52.369" classname="testCases.EcommerceTestCases"/>
</testsuite> <!-- testCases.EcommerceTestCases -->
